<?xml version="1.0" encoding="UTF-8"?>
<testsuite name="MainTest" tests="2" skipped="0" failures="0" errors="0" timestamp="2019-05-09T08:28:32" hostname="Robertas-MacBook-Air.local" time="0.101">
  <properties/>
  <testcase name="testZero" classname="MainTest" time="0.097"/>
  <testcase name="testMethod" classname="MainTest" time="0.003"/>
  <system-out><![CDATA[]]></system-out>
  <system-err><![CDATA[]]></system-err>
</testsuite>
